CRITICAL - 2025-01-14 05:27:19 --> ErrorException: Undefined property: CodeIgniter\View\View::$uri
[Method: GET, Route: user]
in APPPATH\Views\navbar.php on line 138.
 1 APPPATH\Views\navbar.php(138): CodeIgniter\Debug\Exceptions->errorHandler(2, 'Undefined property: CodeIgniter\\View\\View::$uri', 'C:\\xampp\\htdocs\\pengelolaan_aset\\app\\Views\\navbar.php', 138)
 2 APPPATH\Views\user.php(99): include('C:\\xampp\\htdocs\\pengelolaan_aset\\app\\Views\\navbar.php')
 3 SYSTEMPATH\View\View.php(234): include('C:\\xampp\\htdocs\\pengelolaan_aset\\app\\Views\\user.php')
 4 SYSTEMPATH\View\View.php(237): CodeIgniter\View\View->CodeIgniter\View\{closure}()
 5 SYSTEMPATH\Common.php(1171): CodeIgniter\View\View->render('user', [], true)
 6 APPPATH\Controllers\User.php(9): view('user')
 7 SYSTEMPATH\CodeIgniter.php(933): App\Controllers\User->index()
 8 SYSTEMPATH\CodeIgniter.php(509): CodeIgniter\CodeIgniter->runController(Object(App\Controllers\User))
 9 SYSTEMPATH\CodeIgniter.php(355): CodeIgniter\CodeIgniter->handleRequest(null, Object(Config\Cache), false)
10 SYSTEMPATH\Boot.php(334): CodeIgniter\CodeIgniter->run()
11 SYSTEMPATH\Boot.php(67): CodeIgniter\Boot::runCodeIgniter(Object(CodeIgniter\CodeIgniter))
12 FCPATH\index.php(56): CodeIgniter\Boot::bootWeb(Object(Config\Paths))
13 SYSTEMPATH\rewrite.php(44): require_once('C:\\xampp\\htdocs\\pengelolaan_aset\\public\\index.php')
CRITICAL - 2025-01-14 05:27:48 --> ErrorException: Undefined property: CodeIgniter\View\View::$uri
[Method: GET, Route: user]
in APPPATH\Views\navbar.php on line 138.
 1 APPPATH\Views\navbar.php(138): CodeIgniter\Debug\Exceptions->errorHandler(2, 'Undefined property: CodeIgniter\\View\\View::$uri', 'C:\\xampp\\htdocs\\pengelolaan_aset\\app\\Views\\navbar.php', 138)
 2 APPPATH\Views\user.php(99): include('C:\\xampp\\htdocs\\pengelolaan_aset\\app\\Views\\navbar.php')
 3 SYSTEMPATH\View\View.php(234): include('C:\\xampp\\htdocs\\pengelolaan_aset\\app\\Views\\user.php')
 4 SYSTEMPATH\View\View.php(237): CodeIgniter\View\View->CodeIgniter\View\{closure}()
 5 SYSTEMPATH\Common.php(1171): CodeIgniter\View\View->render('user', [], true)
 6 APPPATH\Controllers\User.php(9): view('user')
 7 SYSTEMPATH\CodeIgniter.php(933): App\Controllers\User->index()
 8 SYSTEMPATH\CodeIgniter.php(509): CodeIgniter\CodeIgniter->runController(Object(App\Controllers\User))
 9 SYSTEMPATH\CodeIgniter.php(355): CodeIgniter\CodeIgniter->handleRequest(null, Object(Config\Cache), false)
10 SYSTEMPATH\Boot.php(334): CodeIgniter\CodeIgniter->run()
11 SYSTEMPATH\Boot.php(67): CodeIgniter\Boot::runCodeIgniter(Object(CodeIgniter\CodeIgniter))
12 FCPATH\index.php(56): CodeIgniter\Boot::bootWeb(Object(Config\Paths))
13 SYSTEMPATH\rewrite.php(44): require_once('C:\\xampp\\htdocs\\pengelolaan_aset\\public\\index.php')
CRITICAL - 2025-01-14 05:29:38 --> ErrorException: Undefined property: CodeIgniter\View\View::$uri
[Method: GET, Route: user]
in APPPATH\Views\navbar.php on line 138.
 1 APPPATH\Views\navbar.php(138): CodeIgniter\Debug\Exceptions->errorHandler(2, 'Undefined property: CodeIgniter\\View\\View::$uri', 'C:\\xampp\\htdocs\\pengelolaan_aset\\app\\Views\\navbar.php', 138)
 2 APPPATH\Views\user.php(99): include('C:\\xampp\\htdocs\\pengelolaan_aset\\app\\Views\\navbar.php')
 3 SYSTEMPATH\View\View.php(234): include('C:\\xampp\\htdocs\\pengelolaan_aset\\app\\Views\\user.php')
 4 SYSTEMPATH\View\View.php(237): CodeIgniter\View\View->CodeIgniter\View\{closure}()
 5 SYSTEMPATH\Common.php(1171): CodeIgniter\View\View->render('user', [], true)
 6 APPPATH\Controllers\User.php(9): view('user')
 7 SYSTEMPATH\CodeIgniter.php(933): App\Controllers\User->index()
 8 SYSTEMPATH\CodeIgniter.php(509): CodeIgniter\CodeIgniter->runController(Object(App\Controllers\User))
 9 SYSTEMPATH\CodeIgniter.php(355): CodeIgniter\CodeIgniter->handleRequest(null, Object(Config\Cache), false)
10 SYSTEMPATH\Boot.php(334): CodeIgniter\CodeIgniter->run()
11 SYSTEMPATH\Boot.php(67): CodeIgniter\Boot::runCodeIgniter(Object(CodeIgniter\CodeIgniter))
12 FCPATH\index.php(56): CodeIgniter\Boot::bootWeb(Object(Config\Paths))
13 SYSTEMPATH\rewrite.php(44): require_once('C:\\xampp\\htdocs\\pengelolaan_aset\\public\\index.php')
CRITICAL - 2025-01-14 05:56:17 --> ErrorException: Undefined property: CodeIgniter\View\View::$uri
[Method: GET, Route: dashboard]
in APPPATH\Views\navbar.php on line 138.
 1 APPPATH\Views\navbar.php(138): CodeIgniter\Debug\Exceptions->errorHandler(2, 'Undefined property: CodeIgniter\\View\\View::$uri', 'C:\\xampp\\htdocs\\pengelolaan_aset\\app\\Views\\navbar.php', 138)
 2 APPPATH\Views\dashboard.php(99): include('C:\\xampp\\htdocs\\pengelolaan_aset\\app\\Views\\navbar.php')
 3 SYSTEMPATH\View\View.php(234): include('C:\\xampp\\htdocs\\pengelolaan_aset\\app\\Views\\dashboard.php')
 4 SYSTEMPATH\View\View.php(237): CodeIgniter\View\View->CodeIgniter\View\{closure}()
 5 SYSTEMPATH\Common.php(1171): CodeIgniter\View\View->render('dashboard', [], true)
 6 APPPATH\Controllers\Dashboard.php(9): view('dashboard')
 7 SYSTEMPATH\CodeIgniter.php(933): App\Controllers\Dashboard->index()
 8 SYSTEMPATH\CodeIgniter.php(509): CodeIgniter\CodeIgniter->runController(Object(App\Controllers\Dashboard))
 9 SYSTEMPATH\CodeIgniter.php(355): CodeIgniter\CodeIgniter->handleRequest(null, Object(Config\Cache), false)
10 SYSTEMPATH\Boot.php(334): CodeIgniter\CodeIgniter->run()
11 SYSTEMPATH\Boot.php(67): CodeIgniter\Boot::runCodeIgniter(Object(CodeIgniter\CodeIgniter))
12 FCPATH\index.php(56): CodeIgniter\Boot::bootWeb(Object(Config\Paths))
13 SYSTEMPATH\rewrite.php(44): require_once('C:\\xampp\\htdocs\\pengelolaan_aset\\public\\index.php')
CRITICAL - 2025-01-14 05:57:32 --> ErrorException: Undefined property: CodeIgniter\View\View::$uri
[Method: GET, Route: dashboard]
in APPPATH\Views\navbar.php on line 138.
 1 APPPATH\Views\navbar.php(138): CodeIgniter\Debug\Exceptions->errorHandler(2, 'Undefined property: CodeIgniter\\View\\View::$uri', 'C:\\xampp\\htdocs\\pengelolaan_aset\\app\\Views\\navbar.php', 138)
 2 APPPATH\Views\dashboard.php(99): include('C:\\xampp\\htdocs\\pengelolaan_aset\\app\\Views\\navbar.php')
 3 SYSTEMPATH\View\View.php(234): include('C:\\xampp\\htdocs\\pengelolaan_aset\\app\\Views\\dashboard.php')
 4 SYSTEMPATH\View\View.php(237): CodeIgniter\View\View->CodeIgniter\View\{closure}()
 5 SYSTEMPATH\Common.php(1171): CodeIgniter\View\View->render('dashboard', [], true)
 6 APPPATH\Controllers\Dashboard.php(9): view('dashboard')
 7 SYSTEMPATH\CodeIgniter.php(933): App\Controllers\Dashboard->index()
 8 SYSTEMPATH\CodeIgniter.php(509): CodeIgniter\CodeIgniter->runController(Object(App\Controllers\Dashboard))
 9 SYSTEMPATH\CodeIgniter.php(355): CodeIgniter\CodeIgniter->handleRequest(null, Object(Config\Cache), false)
10 SYSTEMPATH\Boot.php(334): CodeIgniter\CodeIgniter->run()
11 SYSTEMPATH\Boot.php(67): CodeIgniter\Boot::runCodeIgniter(Object(CodeIgniter\CodeIgniter))
12 FCPATH\index.php(56): CodeIgniter\Boot::bootWeb(Object(Config\Paths))
13 SYSTEMPATH\rewrite.php(44): require_once('C:\\xampp\\htdocs\\pengelolaan_aset\\public\\index.php')
CRITICAL - 2025-01-14 05:57:55 --> ErrorException: Undefined property: CodeIgniter\View\View::$uri
[Method: GET, Route: dashboard]
in APPPATH\Views\navbar.php on line 138.
 1 APPPATH\Views\navbar.php(138): CodeIgniter\Debug\Exceptions->errorHandler(2, 'Undefined property: CodeIgniter\\View\\View::$uri', 'C:\\xampp\\htdocs\\pengelolaan_aset\\app\\Views\\navbar.php', 138)
 2 APPPATH\Views\dashboard.php(99): include('C:\\xampp\\htdocs\\pengelolaan_aset\\app\\Views\\navbar.php')
 3 SYSTEMPATH\View\View.php(234): include('C:\\xampp\\htdocs\\pengelolaan_aset\\app\\Views\\dashboard.php')
 4 SYSTEMPATH\View\View.php(237): CodeIgniter\View\View->CodeIgniter\View\{closure}()
 5 SYSTEMPATH\Common.php(1171): CodeIgniter\View\View->render('dashboard', [], true)
 6 APPPATH\Controllers\Dashboard.php(9): view('dashboard')
 7 SYSTEMPATH\CodeIgniter.php(933): App\Controllers\Dashboard->index()
 8 SYSTEMPATH\CodeIgniter.php(509): CodeIgniter\CodeIgniter->runController(Object(App\Controllers\Dashboard))
 9 SYSTEMPATH\CodeIgniter.php(355): CodeIgniter\CodeIgniter->handleRequest(null, Object(Config\Cache), false)
10 SYSTEMPATH\Boot.php(334): CodeIgniter\CodeIgniter->run()
11 SYSTEMPATH\Boot.php(67): CodeIgniter\Boot::runCodeIgniter(Object(CodeIgniter\CodeIgniter))
12 FCPATH\index.php(56): CodeIgniter\Boot::bootWeb(Object(Config\Paths))
13 SYSTEMPATH\rewrite.php(44): require_once('C:\\xampp\\htdocs\\pengelolaan_aset\\public\\index.php')
CRITICAL - 2025-01-14 05:58:03 --> ErrorException: Undefined property: CodeIgniter\View\View::$uri
[Method: GET, Route: dashboard]
in APPPATH\Views\navbar.php on line 138.
 1 APPPATH\Views\navbar.php(138): CodeIgniter\Debug\Exceptions->errorHandler(2, 'Undefined property: CodeIgniter\\View\\View::$uri', 'C:\\xampp\\htdocs\\pengelolaan_aset\\app\\Views\\navbar.php', 138)
 2 APPPATH\Views\dashboard.php(99): include('C:\\xampp\\htdocs\\pengelolaan_aset\\app\\Views\\navbar.php')
 3 SYSTEMPATH\View\View.php(234): include('C:\\xampp\\htdocs\\pengelolaan_aset\\app\\Views\\dashboard.php')
 4 SYSTEMPATH\View\View.php(237): CodeIgniter\View\View->CodeIgniter\View\{closure}()
 5 SYSTEMPATH\Common.php(1171): CodeIgniter\View\View->render('dashboard', [], true)
 6 APPPATH\Controllers\Dashboard.php(9): view('dashboard')
 7 SYSTEMPATH\CodeIgniter.php(933): App\Controllers\Dashboard->index()
 8 SYSTEMPATH\CodeIgniter.php(509): CodeIgniter\CodeIgniter->runController(Object(App\Controllers\Dashboard))
 9 SYSTEMPATH\CodeIgniter.php(355): CodeIgniter\CodeIgniter->handleRequest(null, Object(Config\Cache), false)
10 SYSTEMPATH\Boot.php(334): CodeIgniter\CodeIgniter->run()
11 SYSTEMPATH\Boot.php(67): CodeIgniter\Boot::runCodeIgniter(Object(CodeIgniter\CodeIgniter))
12 FCPATH\index.php(56): CodeIgniter\Boot::bootWeb(Object(Config\Paths))
13 SYSTEMPATH\rewrite.php(44): require_once('C:\\xampp\\htdocs\\pengelolaan_aset\\public\\index.php')
CRITICAL - 2025-01-14 06:02:52 --> ErrorException: Undefined variable $currentSegment
[Method: GET, Route: dashboard]
in APPPATH\Views\navbar.php on line 138.
 1 APPPATH\Views\navbar.php(138): CodeIgniter\Debug\Exceptions->errorHandler(2, 'Undefined variable $currentSegment', 'C:\\xampp\\htdocs\\pengelolaan_aset\\app\\Views\\navbar.php', 138)
 2 APPPATH\Views\dashboard.php(99): include('C:\\xampp\\htdocs\\pengelolaan_aset\\app\\Views\\navbar.php')
 3 SYSTEMPATH\View\View.php(234): include('C:\\xampp\\htdocs\\pengelolaan_aset\\app\\Views\\dashboard.php')
 4 SYSTEMPATH\View\View.php(237): CodeIgniter\View\View->CodeIgniter\View\{closure}()
 5 SYSTEMPATH\Common.php(1171): CodeIgniter\View\View->render('dashboard', [], true)
 6 APPPATH\Controllers\Dashboard.php(10): view('dashboard')
 7 SYSTEMPATH\CodeIgniter.php(933): App\Controllers\Dashboard->index()
 8 SYSTEMPATH\CodeIgniter.php(509): CodeIgniter\CodeIgniter->runController(Object(App\Controllers\Dashboard))
 9 SYSTEMPATH\CodeIgniter.php(355): CodeIgniter\CodeIgniter->handleRequest(null, Object(Config\Cache), false)
10 SYSTEMPATH\Boot.php(334): CodeIgniter\CodeIgniter->run()
11 SYSTEMPATH\Boot.php(67): CodeIgniter\Boot::runCodeIgniter(Object(CodeIgniter\CodeIgniter))
12 FCPATH\index.php(56): CodeIgniter\Boot::bootWeb(Object(Config\Paths))
13 SYSTEMPATH\rewrite.php(44): require_once('C:\\xampp\\htdocs\\pengelolaan_aset\\public\\index.php')
ERROR - 2025-01-14 07:35:34 --> Error connecting to the database: mysqli_sql_exception: Access denied for user ''@'localhost' (using password: NO) in C:\xampp\htdocs\pengelolaan_aset\system\Database\MySQLi\Connection.php:187
Stack trace:
#0 C:\xampp\htdocs\pengelolaan_aset\system\Database\MySQLi\Connection.php(187): mysqli->real_connect('localhost', '', '', 'pengelolaan_ase...', 3306, '', 0)
#1 C:\xampp\htdocs\pengelolaan_aset\system\Database\BaseConnection.php(421): CodeIgniter\Database\MySQLi\Connection->connect(false)
#2 C:\xampp\htdocs\pengelolaan_aset\system\Database\BaseConnection.php(616): CodeIgniter\Database\BaseConnection->initialize()
#3 C:\xampp\htdocs\pengelolaan_aset\system\Database\BaseBuilder.php(1644): CodeIgniter\Database\BaseConnection->query('SELECT *\nFROM `...', Array, false)
#4 C:\xampp\htdocs\pengelolaan_aset\system\Model.php(286): CodeIgniter\Database\BaseBuilder->get()
#5 C:\xampp\htdocs\pengelolaan_aset\system\BaseModel.php(675): CodeIgniter\Model->doFindAll(0, 0)
#6 C:\xampp\htdocs\pengelolaan_aset\app\Controllers\DataAset.php(12): CodeIgniter\BaseModel->findAll()
#7 C:\xampp\htdocs\pengelolaan_aset\system\CodeIgniter.php(933): App\Controllers\DataAset->index()
#8 C:\xampp\htdocs\pengelolaan_aset\system\CodeIgniter.php(509): CodeIgniter\CodeIgniter->runController(Object(App\Controllers\DataAset))
#9 C:\xampp\htdocs\pengelolaan_aset\system\CodeIgniter.php(355): CodeIgniter\CodeIgniter->handleRequest(NULL, Object(Config\Cache), false)
#10 C:\xampp\htdocs\pengelolaan_aset\system\Boot.php(334): CodeIgniter\CodeIgniter->run()
#11 C:\xampp\htdocs\pengelolaan_aset\system\Boot.php(67): CodeIgniter\Boot::runCodeIgniter(Object(CodeIgniter\CodeIgniter))
#12 C:\xampp\htdocs\pengelolaan_aset\public\index.php(56): CodeIgniter\Boot::bootWeb(Object(Config\Paths))
#13 C:\xampp\htdocs\pengelolaan_aset\system\rewrite.php(44): require_once('C:\\xampp\\htdocs...')
#14 {main}

Next CodeIgniter\Database\Exceptions\DatabaseException: Access denied for user ''@'localhost' (using password: NO) in C:\xampp\htdocs\pengelolaan_aset\system\Database\MySQLi\Connection.php:231
Stack trace:
#0 C:\xampp\htdocs\pengelolaan_aset\system\Database\BaseConnection.php(421): CodeIgniter\Database\MySQLi\Connection->connect(false)
#1 C:\xampp\htdocs\pengelolaan_aset\system\Database\BaseConnection.php(616): CodeIgniter\Database\BaseConnection->initialize()
#2 C:\xampp\htdocs\pengelolaan_aset\system\Database\BaseBuilder.php(1644): CodeIgniter\Database\BaseConnection->query('SELECT *\nFROM `...', Array, false)
#3 C:\xampp\htdocs\pengelolaan_aset\system\Model.php(286): CodeIgniter\Database\BaseBuilder->get()
#4 C:\xampp\htdocs\pengelolaan_aset\system\BaseModel.php(675): CodeIgniter\Model->doFindAll(0, 0)
#5 C:\xampp\htdocs\pengelolaan_aset\app\Controllers\DataAset.php(12): CodeIgniter\BaseModel->findAll()
#6 C:\xampp\htdocs\pengelolaan_aset\system\CodeIgniter.php(933): App\Controllers\DataAset->index()
#7 C:\xampp\htdocs\pengelolaan_aset\system\CodeIgniter.php(509): CodeIgniter\CodeIgniter->runController(Object(App\Controllers\DataAset))
#8 C:\xampp\htdocs\pengelolaan_aset\system\CodeIgniter.php(355): CodeIgniter\CodeIgniter->handleRequest(NULL, Object(Config\Cache), false)
#9 C:\xampp\htdocs\pengelolaan_aset\system\Boot.php(334): CodeIgniter\CodeIgniter->run()
#10 C:\xampp\htdocs\pengelolaan_aset\system\Boot.php(67): CodeIgniter\Boot::runCodeIgniter(Object(CodeIgniter\CodeIgniter))
#11 C:\xampp\htdocs\pengelolaan_aset\public\index.php(56): CodeIgniter\Boot::bootWeb(Object(Config\Paths))
#12 C:\xampp\htdocs\pengelolaan_aset\system\rewrite.php(44): require_once('C:\\xampp\\htdocs...')
#13 {main}
CRITICAL - 2025-01-14 07:35:34 --> CodeIgniter\Database\Exceptions\DatabaseException: Unable to connect to the database.
Main connection [MySQLi]: Access denied for user ''@'localhost' (using password: NO)
[Method: GET, Route: data_aset]
in SYSTEMPATH\Database\BaseConnection.php on line 467.
 1 SYSTEMPATH\Database\BaseConnection.php(616): CodeIgniter\Database\BaseConnection->initialize()
 2 SYSTEMPATH\Database\BaseBuilder.php(1644): CodeIgniter\Database\BaseConnection->query('SELECT *
FROM `data_aset`', [], false)
 3 SYSTEMPATH\Model.php(286): CodeIgniter\Database\BaseBuilder->get()
 4 SYSTEMPATH\BaseModel.php(675): CodeIgniter\Model->doFindAll(0, 0)
 5 APPPATH\Controllers\DataAset.php(12): CodeIgniter\BaseModel->findAll()
 6 SYSTEMPATH\CodeIgniter.php(933): App\Controllers\DataAset->index()
 7 SYSTEMPATH\CodeIgniter.php(509): CodeIgniter\CodeIgniter->runController(Object(App\Controllers\DataAset))
 8 SYSTEMPATH\CodeIgniter.php(355): CodeIgniter\CodeIgniter->handleRequest(null, Object(Config\Cache), false)
 9 SYSTEMPATH\Boot.php(334): CodeIgniter\CodeIgniter->run()
10 SYSTEMPATH\Boot.php(67): CodeIgniter\Boot::runCodeIgniter(Object(CodeIgniter\CodeIgniter))
11 FCPATH\index.php(56): CodeIgniter\Boot::bootWeb(Object(Config\Paths))
12 SYSTEMPATH\rewrite.php(44): require_once('C:\\xampp\\htdocs\\pengelolaan_aset\\public\\index.php')
ERROR - 2025-01-14 07:41:37 --> Error connecting to the database: mysqli_sql_exception: Access denied for user ''@'localhost' (using password: NO) in C:\xampp\htdocs\pengelolaan_aset\system\Database\MySQLi\Connection.php:187
Stack trace:
#0 C:\xampp\htdocs\pengelolaan_aset\system\Database\MySQLi\Connection.php(187): mysqli->real_connect('localhost', '', '', 'pengelolaan_ase...', 3306, '', 0)
#1 C:\xampp\htdocs\pengelolaan_aset\system\Database\BaseConnection.php(421): CodeIgniter\Database\MySQLi\Connection->connect(false)
#2 C:\xampp\htdocs\pengelolaan_aset\system\Database\BaseConnection.php(616): CodeIgniter\Database\BaseConnection->initialize()
#3 C:\xampp\htdocs\pengelolaan_aset\system\Database\BaseBuilder.php(1644): CodeIgniter\Database\BaseConnection->query('SELECT *\nFROM `...', Array, false)
#4 C:\xampp\htdocs\pengelolaan_aset\system\Model.php(286): CodeIgniter\Database\BaseBuilder->get()
#5 C:\xampp\htdocs\pengelolaan_aset\system\BaseModel.php(675): CodeIgniter\Model->doFindAll(0, 0)
#6 C:\xampp\htdocs\pengelolaan_aset\app\Controllers\DataAset.php(12): CodeIgniter\BaseModel->findAll()
#7 C:\xampp\htdocs\pengelolaan_aset\system\CodeIgniter.php(933): App\Controllers\DataAset->index()
#8 C:\xampp\htdocs\pengelolaan_aset\system\CodeIgniter.php(509): CodeIgniter\CodeIgniter->runController(Object(App\Controllers\DataAset))
#9 C:\xampp\htdocs\pengelolaan_aset\system\CodeIgniter.php(355): CodeIgniter\CodeIgniter->handleRequest(NULL, Object(Config\Cache), false)
#10 C:\xampp\htdocs\pengelolaan_aset\system\Boot.php(334): CodeIgniter\CodeIgniter->run()
#11 C:\xampp\htdocs\pengelolaan_aset\system\Boot.php(67): CodeIgniter\Boot::runCodeIgniter(Object(CodeIgniter\CodeIgniter))
#12 C:\xampp\htdocs\pengelolaan_aset\public\index.php(56): CodeIgniter\Boot::bootWeb(Object(Config\Paths))
#13 C:\xampp\htdocs\pengelolaan_aset\system\rewrite.php(44): require_once('C:\\xampp\\htdocs...')
#14 {main}

Next CodeIgniter\Database\Exceptions\DatabaseException: Access denied for user ''@'localhost' (using password: NO) in C:\xampp\htdocs\pengelolaan_aset\system\Database\MySQLi\Connection.php:231
Stack trace:
#0 C:\xampp\htdocs\pengelolaan_aset\system\Database\BaseConnection.php(421): CodeIgniter\Database\MySQLi\Connection->connect(false)
#1 C:\xampp\htdocs\pengelolaan_aset\system\Database\BaseConnection.php(616): CodeIgniter\Database\BaseConnection->initialize()
#2 C:\xampp\htdocs\pengelolaan_aset\system\Database\BaseBuilder.php(1644): CodeIgniter\Database\BaseConnection->query('SELECT *\nFROM `...', Array, false)
#3 C:\xampp\htdocs\pengelolaan_aset\system\Model.php(286): CodeIgniter\Database\BaseBuilder->get()
#4 C:\xampp\htdocs\pengelolaan_aset\system\BaseModel.php(675): CodeIgniter\Model->doFindAll(0, 0)
#5 C:\xampp\htdocs\pengelolaan_aset\app\Controllers\DataAset.php(12): CodeIgniter\BaseModel->findAll()
#6 C:\xampp\htdocs\pengelolaan_aset\system\CodeIgniter.php(933): App\Controllers\DataAset->index()
#7 C:\xampp\htdocs\pengelolaan_aset\system\CodeIgniter.php(509): CodeIgniter\CodeIgniter->runController(Object(App\Controllers\DataAset))
#8 C:\xampp\htdocs\pengelolaan_aset\system\CodeIgniter.php(355): CodeIgniter\CodeIgniter->handleRequest(NULL, Object(Config\Cache), false)
#9 C:\xampp\htdocs\pengelolaan_aset\system\Boot.php(334): CodeIgniter\CodeIgniter->run()
#10 C:\xampp\htdocs\pengelolaan_aset\system\Boot.php(67): CodeIgniter\Boot::runCodeIgniter(Object(CodeIgniter\CodeIgniter))
#11 C:\xampp\htdocs\pengelolaan_aset\public\index.php(56): CodeIgniter\Boot::bootWeb(Object(Config\Paths))
#12 C:\xampp\htdocs\pengelolaan_aset\system\rewrite.php(44): require_once('C:\\xampp\\htdocs...')
#13 {main}
CRITICAL - 2025-01-14 07:41:37 --> CodeIgniter\Database\Exceptions\DatabaseException: Unable to connect to the database.
Main connection [MySQLi]: Access denied for user ''@'localhost' (using password: NO)
[Method: GET, Route: data_aset]
in SYSTEMPATH\Database\BaseConnection.php on line 467.
 1 SYSTEMPATH\Database\BaseConnection.php(616): CodeIgniter\Database\BaseConnection->initialize()
 2 SYSTEMPATH\Database\BaseBuilder.php(1644): CodeIgniter\Database\BaseConnection->query('SELECT *
FROM `data_aset`', [], false)
 3 SYSTEMPATH\Model.php(286): CodeIgniter\Database\BaseBuilder->get()
 4 SYSTEMPATH\BaseModel.php(675): CodeIgniter\Model->doFindAll(0, 0)
 5 APPPATH\Controllers\DataAset.php(12): CodeIgniter\BaseModel->findAll()
 6 SYSTEMPATH\CodeIgniter.php(933): App\Controllers\DataAset->index()
 7 SYSTEMPATH\CodeIgniter.php(509): CodeIgniter\CodeIgniter->runController(Object(App\Controllers\DataAset))
 8 SYSTEMPATH\CodeIgniter.php(355): CodeIgniter\CodeIgniter->handleRequest(null, Object(Config\Cache), false)
 9 SYSTEMPATH\Boot.php(334): CodeIgniter\CodeIgniter->run()
10 SYSTEMPATH\Boot.php(67): CodeIgniter\Boot::runCodeIgniter(Object(CodeIgniter\CodeIgniter))
11 FCPATH\index.php(56): CodeIgniter\Boot::bootWeb(Object(Config\Paths))
12 SYSTEMPATH\rewrite.php(44): require_once('C:\\xampp\\htdocs\\pengelolaan_aset\\public\\index.php')
CRITICAL - 2025-01-14 07:42:07 --> ErrorException: Undefined array key "id"
[Method: GET, Route: data_aset]
in APPPATH\Views\data_aset.php on line 152.
 1 APPPATH\Views\data_aset.php(152): CodeIgniter\Debug\Exceptions->errorHandler(2, 'Undefined array key "id"', 'C:\\xampp\\htdocs\\pengelolaan_aset\\app\\Views\\data_aset.php', 152)
 2 SYSTEMPATH\View\View.php(234): include('C:\\xampp\\htdocs\\pengelolaan_aset\\app\\Views\\data_aset.php')
 3 SYSTEMPATH\View\View.php(237): CodeIgniter\View\View->CodeIgniter\View\{closure}()
 4 SYSTEMPATH\Common.php(1171): CodeIgniter\View\View->render('data_aset', [], true)
 5 APPPATH\Controllers\DataAset.php(14): view('data_aset', [...])
 6 SYSTEMPATH\CodeIgniter.php(933): App\Controllers\DataAset->index()
 7 SYSTEMPATH\CodeIgniter.php(509): CodeIgniter\CodeIgniter->runController(Object(App\Controllers\DataAset))
 8 SYSTEMPATH\CodeIgniter.php(355): CodeIgniter\CodeIgniter->handleRequest(null, Object(Config\Cache), false)
 9 SYSTEMPATH\Boot.php(334): CodeIgniter\CodeIgniter->run()
10 SYSTEMPATH\Boot.php(67): CodeIgniter\Boot::runCodeIgniter(Object(CodeIgniter\CodeIgniter))
11 FCPATH\index.php(56): CodeIgniter\Boot::bootWeb(Object(Config\Paths))
12 SYSTEMPATH\rewrite.php(44): require_once('C:\\xampp\\htdocs\\pengelolaan_aset\\public\\index.php')
CRITICAL - 2025-01-14 07:55:45 --> ErrorException: Undefined variable $data_aset
[Method: GET, Route: /]
in APPPATH\Views\welcome_message.php on line 108.
 1 APPPATH\Views\welcome_message.php(108): CodeIgniter\Debug\Exceptions->errorHandler(2, 'Undefined variable $data_aset', 'C:\\xampp\\htdocs\\pengelolaan_aset\\app\\Views\\welcome_message.php', 108)
 2 SYSTEMPATH\View\View.php(234): include('C:\\xampp\\htdocs\\pengelolaan_aset\\app\\Views\\welcome_message.php')
 3 SYSTEMPATH\View\View.php(237): CodeIgniter\View\View->CodeIgniter\View\{closure}()
 4 SYSTEMPATH\Common.php(1171): CodeIgniter\View\View->render('welcome_message', [], true)
 5 APPPATH\Controllers\Home.php(9): view('welcome_message')
 6 SYSTEMPATH\CodeIgniter.php(933): App\Controllers\Home->index()
 7 SYSTEMPATH\CodeIgniter.php(509): CodeIgniter\CodeIgniter->runController(Object(App\Controllers\Home))
 8 SYSTEMPATH\CodeIgniter.php(355): CodeIgniter\CodeIgniter->handleRequest(null, Object(Config\Cache), false)
 9 SYSTEMPATH\Boot.php(334): CodeIgniter\CodeIgniter->run()
10 SYSTEMPATH\Boot.php(67): CodeIgniter\Boot::runCodeIgniter(Object(CodeIgniter\CodeIgniter))
11 FCPATH\index.php(56): CodeIgniter\Boot::bootWeb(Object(Config\Paths))
12 SYSTEMPATH\rewrite.php(44): require_once('C:\\xampp\\htdocs\\pengelolaan_aset\\public\\index.php')
